<?xml version="1.0" encoding="UTF-8"?>
<testng-results skipped="0" failed="0" total="1" passed="1">
  <reporter-output>
  </reporter-output>
  <suite name="Default suite" duration-ms="98070" started-at="2016-04-22T02:55:41Z" finished-at="2016-04-22T02:57:19Z">
    <groups>
    </groups>
    <test name="Default test" duration-ms="98070" started-at="2016-04-22T02:55:41Z" finished-at="2016-04-22T02:57:19Z">
      <class name="amazontest.FlipkartTest">
        <test-method status="PASS" signature="setUp()[pri:0, instance:amazontest.FlipkartTest@7c16905e]" name="setUp" is-config="true" duration-ms="24303" started-at="2016-04-21T19:55:41Z" finished-at="2016-04-21T19:56:05Z">
          <reporter-output>
          </reporter-output>
        </test-method> <!-- setUp -->
        <test-method status="PASS" signature="addToCart()[pri:0, instance:amazontest.FlipkartTest@7c16905e]" name="addToCart" duration-ms="72641" started-at="2016-04-21T19:56:05Z" finished-at="2016-04-21T19:57:18Z">
          <reporter-output>
          </reporter-output>
        </test-method> <!-- addToCart -->
        <test-method status="PASS" signature="teardown()[pri:0, instance:amazontest.FlipkartTest@7c16905e]" name="teardown" is-config="true" duration-ms="1108" started-at="2016-04-21T19:57:18Z" finished-at="2016-04-21T19:57:19Z">
          <reporter-output>
          </reporter-output>
        </test-method> <!-- teardown -->
      </class> <!-- amazontest.FlipkartTest -->
    </test> <!-- Default test -->
  </suite> <!-- Default suite -->
</testng-results>
